app/build/outputs/logs/manifest-merger-debug-report.txt
-- Merging decision tree log ---
manifest
ADDED from src/main/AndroidManifest.xml:2:1-38:12
	package
		ADDED from src/main/AndroidManifest.xml:3:5-37
		INJECTED from src/main/AndroidManifest.xml
		INJECTED from src/main/AndroidManifest.xml
	xmlns:android
		ADDED from src/main/AndroidManifest.xml:2:11-69
application
ADDED from src/main/AndroidManifest.xml:5:5-35:19
	android:label
		ADDED from src/main/AndroidManifest.xml:8:9-41
	android:supportsRtl
		ADDED from src/main/AndroidManifest.xml:10:9-35
	android:roundIcon
		ADDED from src/main/AndroidManifest.xml:9:9-52
	android:allowBackup
		ADDED from src/main/AndroidManifest.xml:6:9-35
	android:icon
		ADDED from src/main/AndroidManifest.xml:7:9-47
service#com.android.server.vpn.VpnServiceBinder
ADDED from src/main/AndroidManifest.xml:12:9-22:19
	android:name
		ADDED from src/main/AndroidManifest.xml:13:13-45
intent-filter#android.net.vpn.IVpnService+android.net.vpn.SERVICE
ADDED from src/main/AndroidManifest.xml:14:13-21:29
action#android.net.vpn.IVpnService
ADDED from src/main/AndroidManifest.xml:17:17-70
	android:name
		ADDED from src/main/AndroidManifest.xml:17:25-67
action#android.net.vpn.SERVICE
ADDED from src/main/AndroidManifest.xml:20:17-66
	android:name
		ADDED from src/main/AndroidManifest.xml:20:25-63
activity#org.zju.luojs.MyVpn
ADDED from src/main/AndroidManifest.xml:24:9-33:20
	android:screenOrientation
		ADDED from src/main/AndroidManifest.xml:27:13-49
	android:windowSoftInputMode
		ADDED from src/main/AndroidManifest.xml:28:13-54
	android:configChanges
		ADDED from src/main/AndroidManifest.xml:26:13-63
	android:name
		ADDED from src/main/AndroidManifest.xml:25:13-47
intent-filter#android.intent.action.MAIN+android.intent.category.LAUNCHER
ADDED from src/main/AndroidManifest.xml:29:13-32:29
action#android.intent.action.MAIN
ADDED from src/main/AndroidManifest.xml:30:17-69
	android:name
		ADDED from src/main/AndroidManifest.xml:30:25-66
category#android.intent.category.LAUNCHER
ADDED from src/main/AndroidManifest.xml:31:17-77
	android:name
		ADDED from src/main/AndroidManifest.xml:31:27-74
uses-permission#android.permission.INTERNET
ADDED from src/main/AndroidManifest.xml:37:5-83
	android:name
		ADDED from src/main/AndroidManifest.xml:37:22-64